<?xml version="1.0" encoding="UTF-8" ?>
<testsuite tests="2" failures="1" name="CucumberTest" time="17.502" errors="0" skipped="0">
  <properties>
    <property name="java.runtime.name" value="Java(TM) SE Runtime Environment"/>
    <property name="sun.boot.library.path" value="D:\Program Files\Java\jdk1.8.0_202\jre\bin"/>
    <property name="java.vm.version" value="25.202-b08"/>
    <property name="java.vm.vendor" value="Oracle Corporation"/>
    <property name="maven.multiModuleProjectDirectory" value="D:\Users\jorge\Projects\UdemyProjects\FrameworkSeleniumSpringCucumber\selenium-framework-poc"/>
    <property name="java.vendor.url" value="http://java.oracle.com/"/>
    <property name="path.separator" value=";"/>
    <property name="guice.disable.misplaced.annotation.check" value="true"/>
    <property name="java.vm.name" value="Java HotSpot(TM) 64-Bit Server VM"/>
    <property name="file.encoding.pkg" value="sun.io"/>
    <property name="user.script" value=""/>
    <property name="user.country" value="US"/>
    <property name="sun.java.launcher" value="SUN_STANDARD"/>
    <property name="sun.os.patch.level" value=""/>
    <property name="java.vm.specification.name" value="Java Virtual Machine Specification"/>
    <property name="user.dir" value="D:\Users\jorge\Projects\UdemyProjects\FrameworkSeleniumSpringCucumber\selenium-framework-poc"/>
    <property name="java.runtime.version" value="1.8.0_202-b08"/>
    <property name="java.awt.graphicsenv" value="sun.awt.Win32GraphicsEnvironment"/>
    <property name="java.endorsed.dirs" value="D:\Program Files\Java\jdk1.8.0_202\jre\lib\endorsed"/>
    <property name="os.arch" value="amd64"/>
    <property name="java.io.tmpdir" value="C:\Users\jorge\AppData\Local\Temp\"/>
    <property name="line.separator" value="
"/>
    <property name="java.vm.specification.vendor" value="Oracle Corporation"/>
    <property name="user.variant" value=""/>
    <property name="os.name" value="Windows 10"/>
    <property name="classworlds.conf" value="D:\maven\apache-maven-3.8.5\bin\m2.conf"/>
    <property name="sun.jnu.encoding" value="Cp1252"/>
    <property name="java.library.path" value="D:\Program Files\Java\jdk1.8.0_202\bin;C:\Windows\Sun\Java\bin;C:\Windows\system32;C:\Windows;D:\Users\jorge\AppData\Local\Programs\Python\Python310\Scripts\;D:\Users\jorge\AppData\Local\Programs\Python\Python310\;D:\Program Files (x86)\VMware\VMware Workstation\bin\;C:\Windows\system32;C:\Windows;C:\Windows\System32\Wbem;C:\Windows\System32\WindowsPowerShell\v1.0\;C:\Windows\System32\OpenSSH\;C:\Program Files\dotnet\;C:\Program Files\Microsoft SQL Server\Client SDK\ODBC\170\Tools\Binn\;C:\Program Files\Microsoft SQL Server\150\Tools\Binn\;C:\Program Files\Docker\Docker\resources\bin;C:\ProgramData\DockerDesktop\version-bin;D:\Program Files\Microsoft VS Code\bin;C:\Program Files (x86)\Microsoft SQL Server\150\Tools\Binn\;C:\Program Files\Microsoft SQL Server\150\DTS\Binn\;C:\Program Files (x86)\Microsoft SQL Server\150\DTS\Binn\;C:\Program Files\Azure Data Studio\bin;D:\Program Files\Java\jdk1.8.0_202\bin;D:\Program Files\Java\jre1.8.0_202\bin;D:\Program Files (x86)\sbt\bin;D:\Users\jorge\AppData\Roaming\nvm;D:\Program Files\nodejs;D:\Program Files\Sublime Text;C:\Program Files (x86)\dotnet\;D:\Program Files\Git\cmd;D:\maven\apache-maven-3.8.5\bin;C:\Users\jorge\AppData\Local\Microsoft\WindowsApps;D:\Program Files\JetBrains\IntelliJ IDEA 2021.3.1\bin;C:\Users\jorge\.dotnet\tools;."/>
    <property name="maven.conf" value="D:\maven\apache-maven-3.8.5/conf"/>
    <property name="java.specification.name" value="Java Platform API Specification"/>
    <property name="java.class.version" value="52.0"/>
    <property name="sun.management.compiler" value="HotSpot 64-Bit Tiered Compilers"/>
    <property name="os.version" value="10.0"/>
    <property name="library.jansi.path" value="D:\maven\apache-maven-3.8.5\lib\jansi-native"/>
    <property name="user.home" value="C:\Users\jorge"/>
    <property name="user.timezone" value="America/La_Paz"/>
    <property name="java.awt.printerjob" value="sun.awt.windows.WPrinterJob"/>
    <property name="java.specification.version" value="1.8"/>
    <property name="file.encoding" value="Cp1252"/>
    <property name="user.name" value="jorge"/>
    <property name="java.class.path" value="D:\maven\apache-maven-3.8.5\boot\plexus-classworlds-2.6.0.jar"/>
    <property name="java.vm.specification.version" value="1.8"/>
    <property name="sun.arch.data.model" value="64"/>
    <property name="java.home" value="D:\Program Files\Java\jdk1.8.0_202\jre"/>
    <property name="sun.java.command" value="org.codehaus.plexus.classworlds.launcher.Launcher clean test"/>
    <property name="java.specification.vendor" value="Oracle Corporation"/>
    <property name="user.language" value="en"/>
    <property name="awt.toolkit" value="sun.awt.windows.WToolkit"/>
    <property name="java.vm.info" value="mixed mode"/>
    <property name="java.version" value="1.8.0_202"/>
    <property name="java.ext.dirs" value="D:\Program Files\Java\jdk1.8.0_202\jre\lib\ext;C:\Windows\Sun\Java\lib\ext"/>
    <property name="sun.boot.class.path" value="D:\Program Files\Java\jdk1.8.0_202\jre\lib\resources.jar;D:\Program Files\Java\jdk1.8.0_202\jre\lib\rt.jar;D:\Program Files\Java\jdk1.8.0_202\jre\lib\sunrsasign.jar;D:\Program Files\Java\jdk1.8.0_202\jre\lib\jsse.jar;D:\Program Files\Java\jdk1.8.0_202\jre\lib\jce.jar;D:\Program Files\Java\jdk1.8.0_202\jre\lib\charsets.jar;D:\Program Files\Java\jdk1.8.0_202\jre\lib\jfr.jar;D:\Program Files\Java\jdk1.8.0_202\jre\classes"/>
    <property name="sun.stderr.encoding" value="cp437"/>
    <property name="java.vendor" value="Oracle Corporation"/>
    <property name="maven.home" value="D:\maven\apache-maven-3.8.5"/>
    <property name="file.separator" value="\"/>
    <property name="java.vendor.url.bug" value="http://bugreport.sun.com/bugreport/"/>
    <property name="sun.cpu.endian" value="little"/>
    <property name="sun.io.unicode.encoding" value="UnicodeLittle"/>
    <property name="sun.stdout.encoding" value="cp437"/>
    <property name="sun.desktop" value="windows"/>
    <property name="sun.cpu.isalist" value="amd64"/>
  </properties>
  <testcase classname="Client sign up" name="client sign up successfully" time="13.52"/>
  <testcase classname="Client sign up" name="client sign up failed" time="3.982">
    <failure message="expected:&lt;[fals]e&gt; but was:&lt;[tru]e&gt;" type="org.junit.ComparisonFailure">org.junit.ComparisonFailure: expected:&lt;[fals]e&gt; but was:&lt;[tru]e&gt;
	at sun.reflect.NativeConstructorAccessorImpl.newInstance0(Native Method)
	at sun.reflect.NativeConstructorAccessorImpl.newInstance(NativeConstructorAccessorImpl.java:62)
	at sun.reflect.DelegatingConstructorAccessorImpl.newInstance(DelegatingConstructorAccessorImpl.java:45)
	at com.mesaj.app.stepdefinitions.SignUpStepDefs.he_should_be_told_that_the_account_was_not_created(SignUpStepDefs.java:48)
	at âœ½.he should be told that the account was not created(file:///D:/Users/jorge/Projects/UdemyProjects/FrameworkSeleniumSpringCucumber/selenium-framework-poc/src/test/resources/features/signup.feature:11)
</failure>
    <system-out>
Scenario: client sign up failed                           &amp;#27;[90m# src/test/resources/features/signup.feature:8&amp;#27;[0m
  &amp;#27;[32mGiven &amp;#27;[0m&amp;#27;[32mPepito wants to have an account&amp;#27;[0m                   &amp;#27;[90m# com.mesaj.app.stepdefinitions.SignUpStepDefs.pepito_wants_to_have_an_account()&amp;#27;[0m
  &amp;#27;[32mWhen &amp;#27;[0m&amp;#27;[32mhe sends required information to get the account&amp;#27;[0m   &amp;#27;[90m# com.mesaj.app.stepdefinitions.SignUpStepDefs.he_sends_required_information_to_get_the_account()&amp;#27;[0m
  &amp;#27;[31mThen &amp;#27;[0m&amp;#27;[31mhe should be told that the account was not created&amp;#27;[0m &amp;#27;[90m# com.mesaj.app.stepdefinitions.SignUpStepDefs.he_should_be_told_that_the_account_was_not_created()&amp;#27;[0m
      &amp;#27;[31morg.junit.ComparisonFailure: expected:&lt;[fals]e&gt; but was:&lt;[tru]e&gt;
	at sun.reflect.NativeConstructorAccessorImpl.newInstance0(Native Method)
	at sun.reflect.NativeConstructorAccessorImpl.newInstance(NativeConstructorAccessorImpl.java:62)
	at sun.reflect.DelegatingConstructorAccessorImpl.newInstance(DelegatingConstructorAccessorImpl.java:45)
	at com.mesaj.app.stepdefinitions.SignUpStepDefs.he_should_be_told_that_the_account_was_not_created(SignUpStepDefs.java:48)
	at ?.he should be told that the account was not created(file:///D:/Users/jorge/Projects/UdemyProjects/FrameworkSeleniumSpringCucumber/selenium-framework-poc/src/test/resources/features/signup.feature:11)
&amp;#27;[0m
</system-out>
    <system-err>May 31, 2022 10:26:23 PM org.springframework.test.context.support.DefaultTestContextBootstrapper getDefaultTestExecutionListenerClassNames
INFO: Loaded default TestExecutionListener class names from location [META-INF/spring.factories]: [org.springframework.test.context.web.ServletTestExecutionListener, org.springframework.test.context.support.DirtiesContextBeforeModesTestExecutionListener, org.springframework.test.context.support.DependencyInjectionTestExecutionListener, org.springframework.test.context.support.DirtiesContextTestExecutionListener, org.springframework.test.context.transaction.TransactionalTestExecutionListener, org.springframework.test.context.jdbc.SqlScriptsTestExecutionListener]
May 31, 2022 10:26:23 PM org.springframework.test.context.support.DefaultTestContextBootstrapper getTestExecutionListeners
INFO: Using TestExecutionListeners: [org.springframework.test.context.support.DirtiesContextBeforeModesTestExecutionListener@7573e12f, org.springframework.test.context.support.DependencyInjectionTestExecutionListener@51b1a8f6, org.springframework.test.context.support.DirtiesContextTestExecutionListener@2a389173]
May 31, 2022 10:26:23 PM org.springframework.beans.factory.support.DefaultListableBeanFactory registerScope
INFO: Replacing scope &apos;cucumber-glue&apos; from [io.cucumber.spring.GlueCodeScope@4ba89729] to [io.cucumber.spring.GlueCodeScope@178270b2]
JavaScript error: , line 0: TypeError: NetworkError when attempting to fetch resource.
JavaScript error: , line 0: TypeError: NetworkError when attempting to fetch resource.
JavaScript warning: https://pagead2.googlesyndication.com/bg/QVskxRw7CvsogGZyHRgqudPcMMWoBc1HqTdFrXgdWFU.js line 2 &gt; eval line 6566 &gt; eval line 1 &gt; eval line 1 &gt; eval, line 1: WEBGL_debug_renderer_info is deprecated in Firefox and will be removed. Please use RENDERER.
</system-err>
  </testcase>
</testsuite>